
===========================================================================
Model "8024300_YXCL-2_C2640699" exists. Name "8024300_YXCL-2_C2640699_1_2_3" used instead.
===========================================================================

===========================================================================
Model "1451590_NEBM-M12G8-E-10-LE8---_P1_" exists. Name "1451590_NEBM-M12G8-E-10-LE8--_2" used instead.
===========================================================================

===========================================================================
Model "1450372_NEBM-S1G9-E-10-Q5-LE6" exists. Name "1450372_NEBM-S1G9-E-10-Q5-LE6_2" used instead.
===========================================================================

===========================================================================
Model "DIN-912_-_M4x12_F_" exists. Name "DIN-912_-_M4x12_F__1_2" used instead.
===========================================================================

===========================================================================
Model "1370477_EMMS-ST-57-S-SEB-G2" exists. Name "1370477_EMMS-ST-57-S-SEB-G2_1_2" used instead.
===========================================================================

===========================================================================
Model "DIN-912_-_M5x50_F_" exists. Name "DIN-912_-_M5x50_F__1_2" used instead.
===========================================================================

===========================================================================
Model "551002_EAMC-30-32-6-6_35" exists. Name "551002_EAMC-30-32-6-6_35_1_2" used instead.
===========================================================================

===========================================================================
Model "560692_EAMF-A-38A-57A_3A10_" exists. Name "560692_EAMF-A-38A-57A_3A10__1_2" used instead.
===========================================================================

===========================================================================
Model "3637942_EAMK-A-S38-38A_B-G2---_3O_" exists. Name "3637942_EAMK-A-S38-38A_B-G2--_2" used instead.
===========================================================================

===========================================================================
Model "3776562_EC-EHM-S6A-L2_Mitnehmer" exists. Name "3776562_EC-EHM-S6A-L2_Mitnehm_2" used instead.
===========================================================================

===========================================================================
Model "3776562_EC-EHM-S6A-L2---_114-200040036810__kette" exists. Name "3776562_EC-EHM-S6A-L2---_114-_2" used instead.
===========================================================================

===========================================================================
Model "189654_HMBN-5-M5" exists. Name "189654_HMBN-5-M5_1_2" used instead.
===========================================================================

===========================================================================
Model "Senkschraube_DIN_7991_M5x8" exists. Name "Senkschraube_DIN_7991_M5x8_1_2" used instead.
===========================================================================

===========================================================================
Model "2271747_EHMZ-EGC-___-BS-KF" exists. Name "2271747_EHMZ-EGC-___-BS-KF_1_2" used instead.
===========================================================================

===========================================================================
Model "2445051_IPM-EE-UKB-PA" exists. Name "2445051_IPM-EE-UKB-PA_1_2" used instead.
===========================================================================

===========================================================================
Model "Hexagon_nut_EN_1661_M5" exists. Name "Hexagon_nut_EN_1661_M5_1_2" used instead.
===========================================================================

===========================================================================
Model "Tooth_lock_washer_DIN_6797_A5_3" exists. Name "Tooth_lock_washer_DIN_6797_A5_2" used instead.
===========================================================================

===========================================================================
Model "DIN-125A-1_-5_3_F_" exists. Name "DIN-125A-1_-5_3_F__1_2" used instead.
===========================================================================

===========================================================================
Model "DIN_934_-_M5_F_" exists. Name "DIN_934_-_M5_F__1_2" used instead.
===========================================================================

===========================================================================
Model "DIN-916_M5x20" exists. Name "DIN-916_M5x20_1_2" used instead.
===========================================================================

===========================================================================
Model "2239920_DSL-16-SA" exists. Name "2239920_DSL-16-SA_1_2" used instead.
===========================================================================

===========================================================================
Model "DIN-912_-_M5x16_F_" exists. Name "DIN-912_-_M5x16_F__1_2" used instead.
===========================================================================

===========================================================================
Model "DIN-912_-_M5x10_F_" exists. Name "DIN-912_-_M5x10_F__1_2" used instead.
===========================================================================

===========================================================================
Model "177672_ISK-M8" exists. Name "177672_ISK-M8_1_2" used instead.
===========================================================================

===========================================================================
Model "8111671_PATO-1_23" exists. Name "8111671_PATO-1_23_1_2" used instead.
===========================================================================

===========================================================================
Model "562024_NECU-S-M8G3-HX---_HGO_" exists. Name "562024_NECU-S-M8G3-HX---_HGO__2" used instead.
===========================================================================

===========================================================================
Model "DIN-912_-_M4x18_F_" exists. Name "DIN-912_-_M4x18_F__1_2" used instead.
===========================================================================

===========================================================================
Model "DIN-912_-_M4x16_F_" exists. Name "DIN-912_-_M4x16_F__1_2" used instead.
===========================================================================

===========================================================================
Model "574586_NEDU-L4R1-M8G3L-M12G8" exists. Name "574586_NEDU-L4R1-M8G3L-M12G8__2" used instead.
===========================================================================

===========================================================================
Model "4829600_EHMZ-EGC-70-TB-KF" exists. Name "4829600_EHMZ-EGC-70-TB-KF_1_2" used instead.
===========================================================================

===========================================================================
Model "Senkschraube_DIN_7991_M6x16" exists. Name "Senkschraube_DIN_7991_M6x16_1_2" used instead.
===========================================================================

===========================================================================
Model "DIN-912_-_M5x8_F_" exists. Name "DIN-912_-_M5x8_F__1_2" used instead.
===========================================================================

===========================================================================
Model "3973923_EHMZ-EGC-___-BS-KF---_-_" exists. Name "3973923_EHMZ-EGC-___-BS-KF---_2" used instead.
===========================================================================

===========================================================================
Model "551393_SIES-8M-PO-24V-K-2_5-M8D---_SEN_" exists. Name "551393_SIES-8M-PO-24V-K-2_5-M_2" used instead.
===========================================================================

===========================================================================
Model "551392_SIES-8M-PO-24V-K-0_3-M8D---_SEN_" exists. Name "551392_SIES-8M-PO-24V-K-0_3-M_2" used instead.
===========================================================================

===========================================================================
Model "DIN-912_-_M6x12_F_" exists. Name "DIN-912_-_M6x12_F__1_2" used instead.
===========================================================================

===========================================================================
Model "3777146_EHMZ-EGC-70-BS-KF" exists. Name "3777146_EHMZ-EGC-70-BS-KF_1_2" used instead.
===========================================================================

===========================================================================
Model "150928_ZBS-5" exists. Name "150928_ZBS-5_1_2" used instead.
===========================================================================

===========================================================================
Model "DIN_6325_-_6x14_F_" exists. Name "DIN_6325_-_6x14_F__1_2" used instead.
===========================================================================

===========================================================================
Model "DIN-912_-_M5x12_F_" exists. Name "DIN-912_-_M5x12_F__1_2" used instead.
===========================================================================

===========================================================================
Model "DIN-912_-_M6x16_F_" exists. Name "DIN-912_-_M6x16_F__1_2" used instead.
===========================================================================

===========================================================================
Model "2224809_EHMZ-EGC-70-BS-KF---_80_" exists. Name "2224809_EHMZ-EGC-70-BS-KF---__2" used instead.
===========================================================================

===========================================================================
Model "DIN-912_-_M4x8_F_" exists. Name "DIN-912_-_M4x8_F__1_2" used instead.
===========================================================================

===========================================================================
Model "412700_S4" exists. Name "412700_S4_1_2" used instead.
===========================================================================

===========================================================================
Model "558047_SF-EGC-1-70__p_" exists. Name "558047_SF-EGC-1-70__p__1_2" used instead.
===========================================================================

===========================================================================
Model "EGC-70-GK-GPBS1----_1_" exists. Name "EGC-70-GK-GPBS1----_1__1_2" used instead.
===========================================================================

===========================================================================
Model "EGC-70-BS-KF__Deckel_RE1_0_" exists. Name "EGC-70-BS-KF__Deckel_RE1_0__1_2" used instead.
===========================================================================

===========================================================================
Model "EGC-70-BS-KF__Deckel_LI2_0_" exists. Name "EGC-70-BS-KF__Deckel_LI2_0__1_2" used instead.
===========================================================================

===========================================================================
Model "EGC-70-BS53165_5GK0--0-ML--0_0_R1T22000" exists. Name "EGC-70-BS53165_5GK0--0-ML--0__2" used instead.
===========================================================================

===========================================================================
Model "1451588_NEBM-M12G8-E-5-LE8---_P1_" exists. Name "1451588_NEBM-M12G8-E-5-LE8---_2" used instead.
===========================================================================

===========================================================================
Model "1450370_NEBM-S1G9-E-5-Q5-LE6" exists. Name "1450370_NEBM-S1G9-E-5-Q5-LE6__2" used instead.
===========================================================================

===========================================================================
Model "549430_EMGA-60-P-G3-SST-57---_P_" exists. Name "549430_EMGA-60-P-G3-SST-57---_2" used instead.
===========================================================================

===========================================================================
Model "558001_EAMD-32-32-11-16x20" exists. Name "558001_EAMD-32-32-11-16x20_1_2" used instead.
===========================================================================

===========================================================================
Model "DIN-912_-_M5x45_F_" exists. Name "DIN-912_-_M5x45_F__1_2" used instead.
===========================================================================

===========================================================================
Model "DIN-912_-_M4x20_F_" exists. Name "DIN-912_-_M4x20_F__1_2" used instead.
===========================================================================

===========================================================================
Model "660080_EAMF-A-44A_B-60G_H" exists. Name "660080_EAMF-A-44A_B-60G_H_1_2" used instead.
===========================================================================

===========================================================================
Model "558019_EAMF-A-48A-60G_H_4A10_" exists. Name "558019_EAMF-A-48A-60G_H_4A10__2" used instead.
===========================================================================

===========================================================================
Model "558012_EAMK-A-L48-48A---_4O_" exists. Name "558012_EAMK-A-L48-48A---_4O___2" used instead.
===========================================================================

===========================================================================
Model "Tooth_lock_washer_DIN_6797_A8_4" exists. Name "Tooth_lock_washer_DIN_6797_A8_2" used instead.
===========================================================================

===========================================================================
Model "DIN-125A-1_-8_4_F_" exists. Name "DIN-125A-1_-8_4_F__1_2" used instead.
===========================================================================

===========================================================================
Model "DIN_934_-_M8_F_" exists. Name "DIN_934_-_M8_F__1_2" used instead.
===========================================================================

===========================================================================
Model "DIN-916_M8x30" exists. Name "DIN-916_M8x30_1_2" used instead.
===========================================================================

===========================================================================
Model "191595_IPM-VN-08-22" exists. Name "191595_IPM-VN-08-22_1_2" used instead.
===========================================================================

===========================================================================
Model "150915_NST-8-M6" exists. Name "150915_NST-8-M6_1_2" used instead.
===========================================================================

===========================================================================
Model "2399641_EC-EHM-S3I-L2_Mitnehmer" exists. Name "2399641_EC-EHM-S3I-L2_Mitnehm_2" used instead.
===========================================================================

===========================================================================
Model "2399641_EC-EHM-S3I-L2---_11523380080036800__kette" exists. Name "2399641_EC-EHM-S3I-L2---_1152_2" used instead.
===========================================================================

===========================================================================
Model "189655_HMBN-8-M5" exists. Name "189655_HMBN-8-M5_1_2" used instead.
===========================================================================

===========================================================================
Model "Senkschraube_DIN_7991_M5x12" exists. Name "Senkschraube_DIN_7991_M5x12_1_2" used instead.
===========================================================================

===========================================================================
Model "3579843_EHM-HMIA-07" exists. Name "3579843_EHM-HMIA-07_1_2" used instead.
===========================================================================

===========================================================================
Model "1837810_HMIA-E07-EHM-891---_112_" exists. Name "1837810_HMIA-E07-EHM-891---_1_2" used instead.
===========================================================================

===========================================================================
Model "722624_MUE-70_80P1" exists. Name "722624_MUE-70_80P1_1_2" used instead.
===========================================================================

===========================================================================
Model "722627_MUE-70_80P2" exists. Name "722627_MUE-70_80P2_1_2" used instead.
===========================================================================

===========================================================================
Model "DIN-125B-1_-8_4_F_" exists. Name "DIN-125B-1_-8_4_F__1_2" used instead.
===========================================================================

===========================================================================
Model "741557_HMVE" exists. Name "741557_HMVE_1_2" used instead.
===========================================================================

===========================================================================
Model "Hexagon_bolt_DIN_933_-_M8x45" exists. Name "Hexagon_bolt_DIN_933_-_M8x45__2" used instead.
===========================================================================

===========================================================================
Model "695886_SLE-32-KF-A" exists. Name "695886_SLE-32-KF-A_1_2" used instead.
===========================================================================

===========================================================================
Model "DIN-912_-_M6x20_F_" exists. Name "DIN-912_-_M6x20_F__1_2" used instead.
===========================================================================

===========================================================================
Model "DIN-125A-1_-6_4_F_" exists. Name "DIN-125A-1_-6_4_F__1_2" used instead.
===========================================================================

===========================================================================
Model "2374328_EHMY-LP-EGC-80-TB-KF" exists. Name "2374328_EHMY-LP-EGC-80-TB-KF__2" used instead.
===========================================================================

===========================================================================
Model "150927_ZBH-9" exists. Name "150927_ZBH-9_1_2" used instead.
===========================================================================

===========================================================================
Model "Senkschraube_DIN_7991_M5x10" exists. Name "Senkschraube_DIN_7991_M5x10_1_2" used instead.
===========================================================================

===========================================================================
Model "3892244_EHMY-LP-EGC-80-TB-KF" exists. Name "3892244_EHMY-LP-EGC-80-TB-KF__2" used instead.
===========================================================================

===========================================================================
Model "DIN-912_-_M6x14_F_" exists. Name "DIN-912_-_M6x14_F__1_2" used instead.
===========================================================================

===========================================================================
Model "2223335_EHMY-RP-EGC-80-TB-KF" exists. Name "2223335_EHMY-RP-EGC-80-TB-KF__2" used instead.
===========================================================================

===========================================================================
Model "558048_SF-EGC-1-80__p_" exists. Name "558048_SF-EGC-1-80__p__1_2" used instead.
===========================================================================

===========================================================================
Model "EGC-80-GK-GPTB1----_1_" exists. Name "EGC-80-GK-GPTB1----_1__1_2" used instead.
===========================================================================

===========================================================================
Model "EGC-80-TB-KF___CUP_" exists. Name "EGC-80-TB-KF___CUP__1_2" used instead.
===========================================================================

===========================================================================
Model "EGC-80-TB-KF__AK_" exists. Name "EGC-80-TB-KF__AK__1_2" used instead.
===========================================================================

===========================================================================
Model "EGC-80-TB-KF____0_0_Deckel_RE_" exists. Name "EGC-80-TB-KF____0_0_Deckel_RE_2" used instead.
===========================================================================

===========================================================================
Model "EGC-80-TB-KF____0_0_0_Deckel_LI_" exists. Name "EGC-80-TB-KF____0_0_0_Deckel__2" used instead.
===========================================================================

===========================================================================
Model "EGC-80-TB95678GK0--0---0_0_R1L3397784128" exists. Name "EGC-80-TB95678GK0--0---0_0_R1_2" used instead.
===========================================================================
