
===========================================================================
Model "SCHUNK-0305541_MPG-plus_64__0000000" exists. Name "SCHUNK-0305541_MPG-plus_64__0_3" used instead.
===========================================================================

===========================================================================
Model "SCHUNK-9905502_Typenschild_9x24x0_3" exists. Name "SCHUNK-9905502_Typenschild_9x_2" used instead.
===========================================================================

===========================================================================
Model "SCHUNK-9965220-Scheibe_D5_5" exists. Name "SCHUNK-9965220-Scheibe_D5_5_1_2" used instead.
===========================================================================

===========================================================================
Model "SCHUNK-9962715_Bracket_MPG_64" exists. Name "SCHUNK-9962715_Bracket_MPG_64_2" used instead.
===========================================================================

===========================================================================
Model "SCHUNK-5518813_Finger_MPG-plus_64" exists. Name "SCHUNK-5518813_Finger_MPG-plu_2" used instead.
===========================================================================

===========================================================================
Model "SCHUNK-5518813_Abdeckgehaeuse_MPG-plus_64" exists. Name "SCHUNK-5518813_Abdeckgehaeuse_2" used instead.
===========================================================================

===========================================================================
Model "SCHUNK-5518814_Gehaeuse_MPG-plus_64" exists. Name "SCHUNK-5518814_Gehaeuse_MPG-p_2" used instead.
===========================================================================
