
===========================================================================
Model "SCHUNK-0305502_MPG-plus_25-AS__0000000" exists. Name "SCHUNK-0305502_MPG-plus_25-AS_2" used instead.
===========================================================================

===========================================================================
Model "SCHUNK-1007750_Bracket_MPG-plus_25" exists. Name "SCHUNK-1007750_Bracket_MPG-pl_1" used instead.
===========================================================================

===========================================================================
Model "SCHUNK-9941369_Typenschild_3x9x0_3" exists. Name "SCHUNK-9941369_Typenschild_3x_1" used instead.
===========================================================================

===========================================================================
Model "SCHUNK-9965219-Scheibe_D3_8" exists. Name "SCHUNK-9965219-Scheibe_D3_8_1" used instead.
===========================================================================

===========================================================================
Model "SCHUNK-9962711_Bracket_MPG_25" exists. Name "SCHUNK-9962711_Bracket_MPG_25_1" used instead.
===========================================================================

===========================================================================
Model "SCHUNK-5518747_Finger_MPG-plus_25" exists. Name "SCHUNK-5518747_Finger_MPG-plu_1" used instead.
===========================================================================

===========================================================================
Model "SCHUNK-5518745_Abdeckgehaeuse_MPG-plus_25" exists. Name "SCHUNK-5518745_Abdeckgehaeuse_1" used instead.
===========================================================================

===========================================================================
Model "SCHUNK-5519946_Gehaeuse_MPG-plus_25_AS" exists. Name "SCHUNK-5519946_Gehaeuse_MPG-p_1" used instead.
===========================================================================
