
===========================================================================
Model "96012002_01_Innenschiene_Stop_1_-_Muster_WKZ" exists. Name "96012002_01_Innenschiene_Stop_2" used instead.
===========================================================================

===========================================================================
Model "96012010_01_Käfig_87_2_Konfigurations-Name" exists. Name "96012010_01_Käfig_87_2_Konfi_1" used instead.
===========================================================================

===========================================================================
Model "96012001_01_Auszugsschine_Stop_1_-_Muster_WKZ" exists. Name "96012001_01_Auszugsschine_Sto_1" used instead.
===========================================================================

===========================================================================
Model "96012004_02_Endkappe" exists. Name "96012004_02_Endkappe_1" used instead.
===========================================================================

===========================================================================
Model "96012BG12_01_Käfig_127_2_Konfigurations-Name" exists. Name "96012BG12_01_Käfig_127_2_Kon_1" used instead.
===========================================================================

===========================================================================
Model "96012007_Bolzen" exists. Name "96012007_Bolzen_1" used instead.
===========================================================================

===========================================================================
Model "96012014_Käfig_127_2_Konfigurations-Name" exists. Name "96012014_Käfig_127_2_Konfigu_1" used instead.
===========================================================================

===========================================================================
Model "96012BG10_01_Käfig_87_2_Konfigurations-Name" exists. Name "96012BG10_01_Käfig_87_2_Konf_1" used instead.
===========================================================================

===========================================================================
Model "96012BG01_01_Vollauszug_kurze_Lasche" exists. Name "96012BG01_01_Vollauszug_kurze_1" used instead.
===========================================================================

===========================================================================
Model "96012003_01_Mittelschiene_Stop_2_-_Muster_WKZ" exists. Name "96012003_01_Mittelschiene_Sto_1" used instead.
===========================================================================

===========================================================================
Model "96012012_Kugel_4_00" exists. Name "96012012_Kugel_4_00_1" used instead.
===========================================================================

===========================================================================
Model "96012013_Lagernadel_4_00_Konfigurations-Name" exists. Name "96012013_Lagernadel_4_00_Konf_1" used instead.
===========================================================================
